2022-12-18 11:12:699 INFO  HomePage :48 - Getting text from : Computers
2022-12-18 11:12:580 INFO  HomePage :50 - Getting text from : Computers
2022-12-18 11:12:327 INFO  HomePage :56 - Getting text from : Electronics
2022-12-18 11:12:503 INFO  HomePage :52 - Getting text from : Computers
2022-12-18 11:12:779 INFO  HomePage :52 - Getting text from : Computers
2022-12-18 11:12:523 INFO  HomePage :64 - Getting text from : Apparel
2022-12-18 11:12:210 INFO  HomePage :52 - Getting text from : Computers
2022-12-18 11:12:982 INFO  HomePage :64 - Getting text from : Apparel
2022-12-18 11:12:148 INFO  HomePage :52 - Getting text from : Computers
2022-12-18 11:12:887 INFO  HomePage :64 - Getting text from : Apparel
2022-12-18 11:12:175 INFO  HomePage :52 - Getting text from : Computers
2022-12-18 11:12:925 INFO  HomePage :64 - Getting text from : Apparel
2022-12-18 13:12:524 INFO  HomePage :55 - Getting text from : Computers
2022-12-18 13:12:43 INFO  HomePage :55 - Getting text from : Computers
2022-12-18 13:12:893 INFO  HomePage :55 - Getting text from : Computers
2022-12-18 13:12:977 INFO  HomePage :55 - Getting text from : Computers
2022-12-18 13:12:643 INFO  HomePage :55 - Getting text from : Computers
2022-12-18 14:12:791 INFO  HomePage :60 - Getting text from : Computers
2022-12-18 14:12:816 INFO  HomePage :60 - Getting text from : Computers
2022-12-18 14:12:179 INFO  HomePage :60 - Getting text from : Computers
2022-12-18 14:12:823 INFO  HomePage :60 - Getting text from : Computers
2022-12-18 14:12:449 INFO  HomePage :60 - Getting text from : Computers
2022-12-18 14:12:250 INFO  HomePage :60 - Getting text from : Computers
2022-12-18 14:12:101 INFO  HomePage :60 - Getting text from : Computers
2022-12-18 14:12:230 INFO  HomePage :60 - Getting text from : Computers
2022-12-18 14:12:262 INFO  HomePage :60 - Getting text from : Computers
2022-12-18 14:12:518 INFO  HomePage :60 - Getting text from : Computers
2022-12-18 15:12:783 INFO  HomePage :60 - Getting text from : Computers
2022-12-18 15:12:172 INFO  HomePage :60 - Getting text from : Computers
2022-12-18 15:12:241 INFO  HomePage :73 - Getting text from : Apparel
2022-12-18 15:12:82 INFO  HomePage :60 - Getting text from : Computers
2022-12-18 15:12:176 INFO  HomePage :73 - Getting text from : Apparel
2022-12-18 15:12:926 INFO  HomePage :60 - Getting text from : Computers
2022-12-18 15:12:988 INFO  HomePage :73 - Getting text from : Apparel
2022-12-18 19:12:270 INFO  HomePage :60 - Getting text from : Computers
2022-12-18 19:12:335 INFO  HomePage :73 - Getting text from : Apparel
2022-12-18 19:12:562 INFO  TopMenuPage :54 - Getting text from : Computers
2022-12-18 19:12:642 INFO  TopMenuPage :67 - Getting text from : Apparel
2022-12-18 19:12:283 INFO  TopMenuPage :54 - Getting text from : Computers
2022-12-18 19:12:364 INFO  TopMenuPage :67 - Getting text from : Apparel
2022-12-18 20:12:673 INFO  TopMenuPage :54 - Getting text from : Computers
2022-12-18 20:12:770 INFO  TopMenuPage :67 - Getting text from : Apparel
2022-12-18 20:12:146 INFO  TopMenuPage :54 - Getting text from : Computers
2022-12-18 20:12:215 INFO  TopMenuPage :67 - Getting text from : Apparel
2022-12-18 20:12:462 INFO  TopMenuPage :54 - Getting text from : Computers
2022-12-18 20:12:529 INFO  TopMenuPage :67 - Getting text from : Apparel
2022-12-18 20:12:358 INFO  TopMenuPage :54 - Getting text from : Computers
2022-12-18 20:12:426 INFO  TopMenuPage :67 - Getting text from : Apparel
2022-12-18 20:12:442 INFO  TopMenuPage :54 - Getting text from : Computers
2022-12-18 20:12:511 INFO  TopMenuPage :67 - Getting text from : Apparel
2022-12-18 20:12:467 INFO  TopMenuPage :54 - Getting text from : Computers
2022-12-18 20:12:538 INFO  TopMenuPage :67 - Getting text from : Apparel
2022-12-18 21:12:370 INFO  TopMenuPage :54 - Getting text from : Computers
2022-12-18 21:12:445 INFO  TopMenuPage :67 - Getting text from : Apparel
2022-12-18 21:12:427 INFO  TopMenuPage :54 - Getting text from : Computers
2022-12-18 21:12:491 INFO  TopMenuPage :67 - Getting text from : Apparel
2022-12-18 21:12:629 INFO  TopMenuPage :54 - Getting text from : Computers
2022-12-18 21:12:703 INFO  TopMenuPage :67 - Getting text from : Apparel
2022-12-18 22:12:353 INFO  TopMenuPage :54 - Getting text from : Computers
2022-12-18 22:12:458 INFO  TopMenuPage :67 - Getting text from : Apparel
2022-12-19 12:12:343 INFO  TopMenuPage :54 - Getting text from : Computers
2022-12-19 12:12:429 INFO  TopMenuPage :67 - Getting text from : Apparel
2022-12-19 15:12:989 INFO  TopMenuPage :53 - Getting text from : Computers
2022-12-19 15:12:252 INFO  TopMenuPage :66 - Getting text from : Apparel
2022-12-19 17:12:739 INFO  TopMenuPage :53 - Getting text from : Computers
2022-12-19 17:12:801 INFO  TopMenuPage :66 - Getting text from : Apparel
2022-12-19 17:12:311 INFO  TopMenuPage :53 - Getting text from : Computers
2022-12-19 17:12:384 INFO  TopMenuPage :66 - Getting text from : Apparel
2022-12-19 18:12:786 INFO  TopMenuPage :53 - Getting text from : Computers
2022-12-19 18:12:861 INFO  TopMenuPage :66 - Getting text from : Apparel
2022-12-20 10:12:98 INFO  TopMenuPage :59 - Getting text from : Computers
2022-12-20 10:12:167 INFO  TopMenuPage :72 - Getting text from : Apparel
2022-12-20 11:12:79 INFO  AddToCartPage :198 - Clicking on Add to oCart Link : [[ChromeDriver: chrome on WINDOWS (be122967dcd6877d0e2f627d201a3471)] -> id: add-to-cart-button-1]
2022-12-20 11:12:336 INFO  AddToCartPage :203 - Get Text Message : [[ChromeDriver: chrome on WINDOWS (be122967dcd6877d0e2f627d201a3471)] -> xpath: //div[@class='bar-notification success']/p[1]]
2022-12-20 11:12:383 INFO  AddToCartPage :208 - Clicking on Cross button : [[ChromeDriver: chrome on WINDOWS (be122967dcd6877d0e2f627d201a3471)] -> xpath: //span[@class='close']]
2022-12-20 11:12:174 INFO  AddToCartPage :233 - Clicking on Update ShoppingCart : [[ChromeDriver: chrome on WINDOWS (be122967dcd6877d0e2f627d201a3471)] -> xpath: //button[@id='updatecart']]
2022-12-20 11:12:620 INFO  AddToCartPage :238 - Verify Text  : [[ChromeDriver: chrome on WINDOWS (be122967dcd6877d0e2f627d201a3471)] -> xpath: //tbody/tr[4]/td[2]/span[1]/strong[1]]
2022-12-20 11:12:663 INFO  AddToCartPage :243 - Clicking on CheckBox : [[ChromeDriver: chrome on WINDOWS (be122967dcd6877d0e2f627d201a3471)] -> xpath: /html[1]/body[1]/div[6]/div[3]/div[1]/div[1]/div[1]/div[2]/div[1]/form[1]/div[3]/div[2]/div[3]/input[1]]
2022-12-20 11:12:733 INFO  AddToCartPage :248 - Clicking on CheckOut : [[ChromeDriver: chrome on WINDOWS (be122967dcd6877d0e2f627d201a3471)] -> xpath: //button[@class='button-1 checkout-button']]
2022-12-20 11:12:267 INFO  AddToCartPage :253 - Verify Text Message : [[ChromeDriver: chrome on WINDOWS (be122967dcd6877d0e2f627d201a3471)] -> xpath: //h1[contains(text(),'Welcome, Please Sign In!')]]
2022-12-20 20:17:49 INFO  TopMenuPage :59 - Getting text from : Computers
2022-12-20 20:17:49 INFO  TopMenuPage :72 - Getting text from : Apparel
2022-12-20 20:21:40 INFO  TopMenuPage :59 - Getting text from : Computers
2022-12-20 20:21:41 INFO  TopMenuPage :72 - Getting text from : Apparel
2022-12-20 20:40:03 INFO  TopMenuPage :59 - Getting text from : Computers
2022-12-20 20:40:03 INFO  TopMenuPage :72 - Getting text from : Apparel
2022-12-20 20:43:27 INFO  AddToCartPage :198 - Clicking on Add to oCart Link : [[ChromeDriver: chrome on WINDOWS (262f2421ec992f735d3a7c25e25c7a3a)] -> id: add-to-cart-button-1]
2022-12-20 20:43:27 INFO  AddToCartPage :203 - Get Text Message : [[ChromeDriver: chrome on WINDOWS (262f2421ec992f735d3a7c25e25c7a3a)] -> xpath: //div[@class='bar-notification success']/p[1]]
2022-12-20 20:43:28 INFO  AddToCartPage :208 - Clicking on Cross button : [[ChromeDriver: chrome on WINDOWS (262f2421ec992f735d3a7c25e25c7a3a)] -> xpath: //span[@class='close']]
2022-12-20 20:43:30 INFO  AddToCartPage :233 - Clicking on Update ShoppingCart : [[ChromeDriver: chrome on WINDOWS (262f2421ec992f735d3a7c25e25c7a3a)] -> xpath: //button[@id='updatecart']]
2022-12-20 20:43:31 INFO  AddToCartPage :238 - Verify Text  : [[ChromeDriver: chrome on WINDOWS (262f2421ec992f735d3a7c25e25c7a3a)] -> xpath: //tbody/tr[4]/td[2]/span[1]/strong[1]]
2022-12-20 20:43:31 INFO  AddToCartPage :243 - Clicking on CheckBox : [[ChromeDriver: chrome on WINDOWS (262f2421ec992f735d3a7c25e25c7a3a)] -> xpath: /html[1]/body[1]/div[6]/div[3]/div[1]/div[1]/div[1]/div[2]/div[1]/form[1]/div[3]/div[2]/div[3]/input[1]]
2022-12-20 20:43:32 INFO  AddToCartPage :248 - Clicking on CheckOut : [[ChromeDriver: chrome on WINDOWS (262f2421ec992f735d3a7c25e25c7a3a)] -> xpath: //button[@class='button-1 checkout-button']]
2022-12-20 20:43:32 INFO  AddToCartPage :253 - Verify Text Message : [[ChromeDriver: chrome on WINDOWS (262f2421ec992f735d3a7c25e25c7a3a)] -> xpath: //h1[contains(text(),'Welcome, Please Sign In!')]]
